{"/Users/morokolomatotoka/ArkPixelStudio/upskill/api-example/src/utils/stringFunctions.ts": {"path":"/Users/morokolomatotoka/ArkPixelStudio/upskill/api-example/src/utils/stringFunctions.ts","statementMap":{"0":{"start":{"line":2,"column":24},"end":{"line":13,"column":null}},"1":{"start":{"line":4,"column":8},"end":{"line":10,"column":null}},"2":{"start":{"line":4,"column":24},"end":{"line":4,"column":25}},"3":{"start":{"line":5,"column":34},"end":{"line":5,"column":54}},"4":{"start":{"line":6,"column":33},"end":{"line":6,"column":62}},"5":{"start":{"line":7,"column":12},"end":{"line":9,"column":null}},"6":{"start":{"line":8,"column":16},"end":{"line":8,"column":null}},"7":{"start":{"line":11,"column":8},"end":{"line":11,"column":null}},"8":{"start":{"line":14,"column":0},"end":{"line":14,"column":null}}},"fnMap":{"0":{"name":"(anonymous_0)","decl":{"start":{"line":3,"column":24},"end":{"line":3,"column":25}},"loc":{"start":{"line":3,"column":42},"end":{"line":12,"column":5}}}},"branchMap":{"0":{"loc":{"start":{"line":7,"column":12},"end":{"line":9,"column":null}},"type":"if","locations":[{"start":{"line":7,"column":12},"end":{"line":9,"column":null}}]}},"s":{"0":1,"1":2,"2":2,"3":19,"4":19,"5":19,"6":1,"7":1,"8":1},"f":{"0":2},"b":{"0":[1]}}
}
